- ---- Pretty Little Liars
Sitcom ---- How I Met Your Mother
Sitcom ---- Friends
Sitcom ---- The Fresh Prince of Bel-Air
Sitcom ---- My Wife and Kids
Sitcom ---- Everybody Hates Chris
Série ---- Anne
Série ---- Castle
Série ---- Under the Dome
Série ---- 13 Reasons Why
Série ---- 24
Série ---- Vikings
Série ---- True Detective
Série ---- The 100
Série ---- Breaking Bad
Série ---- Outlander
Série ---- Game of Thrones
Série ---- Gossip Girl
Série ---- Criminal Minds
Série ---- Grey's Anatomy
Série ---- Grimm
Série ---- Arrow
Série ---- How to Get Away with Murder
Série ---- Dexter
Série ---- Doctor Who
Série ---- Black Mirror
Série ---- American Horror Story
Série ---- White Collar
Série ---- The Walking Dead
Série ---- Narcos
Série ---- Orphan Black
Série ---- Forever
Série ---- Downton Abbey
Série ---- Penny Dreadful
Série ---- Westworld
Série ---- Prison Break
Série ---- Reign
Série ---- Scorpion
Série ---- Gotham
Série ---- Sherlock
Série ---- Smallville
Série ---- Sons of Anarchy
Série ---- Stranger Things
Série ---- Suits
Série ---- Supernatural
Série ---- Teen Wolf
Série ---- Orange Is the New Black
Série ---- The 4400
Série ---- The Big Bang Theory
Série ---- The Flash
Série ---- Once Upon a Time 
Série ---- The Originals
Série ---- Lucifer
Série ---- The Vampire Diaries
Série ---- Blindspot
Série de desenho animado ---- Os Simpsons
Websérie ---- Sense8
Websérie ---- House of Cards 
Websérie ---- The Ranch
Websérie ---- Jessica Jones
Websérie ---- Daredevil
