1 --- 13 Reasons Why
1 --- Anne
1 --- Blindspot
1 --- Forever
1 --- Stranger Things
1 --- Westworld
2 --- Jessica Jones
2 --- Lucifer
2 --- Narcos
2 --- Outlander
2 --- Sense8
2 --- The Ranch
2 --- True Detective
3 --- Black Mirror
3 --- Daredevil
3 --- Gotham
3 --- How to Get Away with Murder
3 --- Penny Dreadful
3 --- Scorpion
3 --- The Flash
3 --- Under the Dome
4 --- Everybody Hates Chris
4 --- Reign
4 --- Sherlock
4 --- The 100
4 --- The 4400
4 --- The Originals
4 --- Vikings
5 --- Arrow
5 --- Breaking Bad
5 --- House of Cards
5 --- My Wife and Kids
5 --- Orange Is the New Black
5 --- Orphan Black
5 --- Prison Break
6 --- American Horror Story
6 --- Downton Abbey
6 --- Gossip Girl
6 --- Grimm
6 --- Once Upon a Time
6 --- Suits
6 --- Teen Wolf
6 --- The Fresh Prince of Bel-Air
6 --- White Collar
7 --- Game of Thrones
7 --- Pretty Little Liars
7 --- Sons of Anarchy
7 --- The Walking Dead
8 --- Castle
8 --- Dexter
8 --- The Vampire Diaries
9 --- 24
9 --- How I Met Your Mother
10 --- Friends
10 --- Smallville
10 --- The Big Bang Theory
12 --- Criminal Minds
12 --- Supernatural
14 --- Grey's Anatomy
26 --- Doctor Who
28 --- Os Simpsons
