Estados Unidos --- 13 Reasons Why
Estados Unidos --- 24
Estados Unidos --- American Horror Story
Canadá --- Anne
Estados Unidos --- Arrow
Reino Unido --- Black Mirror
Estados Unidos --- Blindspot
Estados Unidos --- Breaking Bad
Estados Unidos --- Castle
Estados Unidos --- Criminal Minds
Estados Unidos --- Daredevil
Estados Unidos --- Dexter
Reino Unido --- Doctor Who
Reino Unido --- Downton Abbey
Estados Unidos --- Everybody Hates Chris
Estados Unidos --- Forever
Estados Unidos --- Friends
Estados Unidos --- Game of Thrones
Estados Unidos --- Gossip Girl
Estados Unidos --- Gotham
Estados Unidos  --- Grey's Anatomy
Estados Unidos --- Grimm
Estados Unidos --- House of Cards 
Estados Unidos --- How I Met Your Mother
Estados Unidos --- How to Get Away with Murder
Estados Unidos --- Jessica Jones
Estados Unidos --- Lucifer
Estados Unidos --- My Wife and Kids
Estados Unidos --- Narcos
Estados Unidos --- Once Upon a Time 
Estados Unidos --- Orange Is the New Black
Canadá --- Orphan Black
Estados Unidos --- Os Simpsons
Reino Unido --- Outlander
Reino Unido --- Penny Dreadful
Estados Unidos --- Pretty Little Liars
Estados Unidos --- Prison Break
Estados Unidos --- Reign
Estados Unidos --- Scorpion
Estados Unidos --- Sense8
Reino Unido --- Sherlock
Estados Unidos --- Smallville
Estados Unidos --- Sons of Anarchy
Estados Unidos --- Stranger Things
Estados Unidos --- Suits
Estados Unidos --- Supernatural
Estados Unidos --- Teen Wolf
Estados Unidos --- The 100
Estados Unidos --- The 4400
Estados Unidos --- The Big Bang Theory
Estados Unidos --- The Flash
Estados Unidos --- The Fresh Prince of Bel-Air
Estados Unidos --- The Originals
Estados Unidos --- The Ranch
Estados Unidos --- The Vampire Diaries
Estados Unidos --- The Walking Dead
Estados Unidos --- True Detective
Estados Unidos --- Under the Dome
Canadá / Irlanda --- Vikings
Estados Unidos --- Westworld
Estados Unidos --- White Collar
